[debug] [2021-12-15T18:01:01.553Z] ----------------------------------------------------------------------
[debug] [2021-12-15T18:01:01.555Z] Command:       /usr/local/bin/firebase /Users/markmarley/.cache/firebase/tools/lib/node_modules/firebase-tools/lib/bin/firebase init
[debug] [2021-12-15T18:01:01.555Z] CLI Version:   9.23.1
[debug] [2021-12-15T18:01:01.555Z] Platform:      darwin
[debug] [2021-12-15T18:01:01.555Z] Node Version:  v12.18.1
[debug] [2021-12-15T18:01:01.559Z] Time:          Wed Dec 15 2021 18:01:01 GMT+0000 (Greenwich Mean Time)
[debug] [2021-12-15T18:01:01.559Z] ----------------------------------------------------------------------
[debug] 
[debug] [2021-12-15T18:01:01.567Z] > command requires scopes: ["email","openid","https://www.googleapis.com/auth/cloudplatformprojects.readonly","https://www.googleapis.com/auth/firebase","https://www.googleapis.com/auth/cloud-platform"]
[debug] [2021-12-15T18:01:01.567Z] > authorizing via signed-in user (markmarleydev@gmail.com)
[info] 
     ######## #### ########  ######## ########     ###     ######  ########
     ##        ##  ##     ## ##       ##     ##  ##   ##  ##       ##
     ######    ##  ########  ######   ########  #########  ######  ######
     ##        ##  ##    ##  ##       ##     ## ##     ##       ## ##
     ##       #### ##     ## ######## ########  ##     ##  ######  ########

You're about to initialize a Firebase project in this directory:

  /Users/markmarley/Desktop/Property-Analyser/Property-Analyser/client

[info] 
=== Project Setup
[info] 
[info] First, let's associate this project directory with a Firebase project.
[info] You can create multiple project aliases by running firebase use --add, 
[info] but for now we'll just set up a default project.
[info] 
[debug] [2021-12-15T18:02:01.691Z] >>> [apiv2][query] GET https://firebase.googleapis.com/v1beta1/projects pageSize=100
[debug] [2021-12-15T18:02:02.218Z] <<< [apiv2][status] GET https://firebase.googleapis.com/v1beta1/projects 200
[debug] [2021-12-15T18:02:02.218Z] <<< [apiv2][body] GET https://firebase.googleapis.com/v1beta1/projects [omitted]
[info] i  Using project property-analyser-9fdff (Property Analyser) 
[info] 
=== Hosting Setup
[info] 
[info] Your public directory is the folder (relative to your project directory) that
[info] will contain Hosting assets to be uploaded with firebase deploy. If you
[info] have a build process for your assets, use your build's output directory.
[info] 
